matrix mult - PARALLEL_NONE 
 0
 1
 2
 3
 4
 5
 6
 7
 8
 9
Matrix Multiplication - Parallel Tests
matrix mult - PARALLEL_I 
1
 0
 1
 2
 3
 4
 5
 6
 7
 8
 9
2
 0
 1
 2
 3
 4
 5
 6
 7
 8
 9
3
 0
 1
 2
 3
 4
 5
 6
 7
 8
 9
4
 0
 1
 2
 3
 4
 5
 6
 7
 8
 9
5
 0
 1
 2
 3
 4
 5
 6
 7
 8
 9
6
 0
 1
 2
 3
 4
 5
 6
 7
 8
 9
7
 0
 1
 2
 3
 4
 5
 6
 7
 8
 9
8
 0
 1
 2
 3
 4
 5
 6
 7
 8
 9
9
 0
 1
 2
 3
 4
 5
 6
 7
 8
 9
10
 0
 1
 2
 3
 4
 5
 6
 7
 8
 9
11
 0
 1
 2
 3
 4
 5
 6
 7
 8
 9
12
 0
 1
 2
 3
 4
 5
 6
 7
 8
 9
13
 0
 1
 2
 3
 4
 5
 6
 7
 8
 9
14
 0
 1
 2
 3
 4
 5
 6
 7
 8
 9
15
 0
 1
 2
 3
 4
 5
 6
 7
 8
 9
16
 0
 1
 2
 3
 4
 5
 6
 7
 8
 9
17
 0
 1
 2
 3
 4
 5
 6
 7
 8
 9
18
 0
 1
 2
 3
 4
 5
 6
 7
 8
 9
19
 0
 1
 2
 3
 4
 5
 6
 7
 8
 9
20
 0
 1
 2
 3
 4
 5
 6
 7
 8
 9

matrix mult - PARALLEL_K 
1
Timed out!
 0
Timed out!
 1
Timed out!
 2
Timed out!
 3
Timed out!
 4
Timed out!
 5
Timed out!
 6
Timed out!
 7
Timed out!
 8
Timed out!
 9
2
Timed out!
 0
Timed out!
 1
Timed out!
 2
Timed out!
 3
Timed out!
 4
Timed out!
 5
Timed out!
 6
Timed out!
 7
Timed out!
 8
Timed out!
 9
3
Timed out!
 0
Timed out!
 1
Timed out!
 2
Timed out!
 3
Timed out!
 4
Timed out!
 5
Timed out!
 6
Timed out!
 7
Timed out!
 8
Timed out!
 9
4
Timed out!
 0
Timed out!
 1
Timed out!
 2
Timed out!
 3
Timed out!
 4
Timed out!
 5
Timed out!
 6
Timed out!
 7
Timed out!
 8
Timed out!
 9
5
Timed out!
 0
Timed out!
 1
Timed out!
 2
Timed out!
 3
Timed out!
 4
Timed out!
 5
Timed out!
 6
Timed out!
 7
Timed out!
 8
Timed out!
 9
6
Timed out!
 0
Timed out!
 1
Timed out!
 2
Timed out!
 3
Timed out!
 4
Timed out!
 5
Timed out!
 6
Timed out!
 7
Timed out!
 8
Timed out!
 9
7
Timed out!
 0
Timed out!
 1
Timed out!
 2
Timed out!
 3
Timed out!
 4
Timed out!
 5
Timed out!
 6
Timed out!
 7
Timed out!
 8
Timed out!
 9
8
Timed out!
 0
Timed out!
 1
Timed out!
 2
Timed out!
 3
Timed out!
 4
Timed out!
 5
Timed out!
 6
Timed out!
 7
Timed out!
 8
Timed out!
 9
9
Timed out!
 0
Timed out!
 1
Timed out!
 2
Timed out!
 3
Timed out!
 4
Timed out!
 5
Timed out!
 6
Timed out!
 7
Timed out!
 8
Timed out!
 9
10
Timed out!
 0
Timed out!
 1
Timed out!
 2
Timed out!
 3
Timed out!
 4
Timed out!
 5
Timed out!
 6
Timed out!
 7
Timed out!
 8
Timed out!
 9
11
Timed out!
 0
Timed out!
 1
Timed out!
 2
Timed out!
 3
Timed out!
 4
Timed out!
 5
Timed out!
 6
Timed out!
 7
Timed out!
 8
Timed out!
 9
12
Timed out!
 0
Timed out!
 1
Timed out!
 2
Timed out!
 3
Timed out!
 4
Timed out!
 5
Timed out!
 6
Timed out!
 7
Timed out!
 8
Timed out!
 9
13
Timed out!
 0
Timed out!
 1
Timed out!
 2
Timed out!
 3
Timed out!
 4
Timed out!
 5
Timed out!
 6
Timed out!
 7
Timed out!
 8
Timed out!
 9
14
Timed out!
 0
Timed out!
 1
Timed out!
 2
Timed out!
 3
Timed out!
 4
Timed out!
 5
Timed out!
 6
Timed out!
 7
Timed out!
 8
Timed out!
 9
15
Timed out!
 0
Timed out!
 1
Timed out!
 2
Timed out!
 3
Timed out!
 4
Timed out!
 5
Timed out!
 6
Timed out!
 7
Timed out!
 8
Timed out!
 9
16
Timed out!
 0
Timed out!
 1
Timed out!
 2
Timed out!
 3
Timed out!
 4
Timed out!
 5
Timed out!
 6
Timed out!
 7
Timed out!
 8
Timed out!
 9
17
Timed out!
 0
Timed out!
 1
Timed out!
 2
Timed out!
 3
Timed out!
 4
Timed out!
 5
Timed out!
 6
Timed out!
 7
Timed out!
 8
Timed out!
 9
18
Timed out!
 0
Timed out!
 1
Timed out!
 2
Timed out!
 3
Timed out!
 4
Timed out!
 5
Timed out!
 6
Timed out!
 7
Timed out!
 8
Timed out!
 9
19
Timed out!
 0
Timed out!
 1
Timed out!
 2
Timed out!
 3
Timed out!
 4
Timed out!
 5
Timed out!
 6
Timed out!
 7
Timed out!
 8
Timed out!
 9
20
Timed out!
 0
Timed out!
 1
Timed out!
 2
Timed out!
 3
Timed out!
 4
Timed out!
 5
Timed out!
 6
Timed out!
 7
Timed out!
 8
Timed out!
 9

matrix mult - PARALLEL_J 
1
 0
 1
 2
 3
 4
 5
 6
 7
 8
 9
2
Timed out!
 0
Timed out!
 1
Timed out!
 2
Timed out!
 3
Timed out!
 4
Timed out!
 5
Timed out!
 6
Timed out!
 7
Timed out!
 8
Timed out!
 9
3
Timed out!
 0
Timed out!
 1
